<?xml version="1.0" encoding="UTF-8" ?>
<testsuite errors="0" failures="0" hostname="jefferson-PC" name="entidades.EmpleadoTest1" tests="17" time="1.046" timestamp="2012-07-17T02:39:28">
  <properties>
[...]
</properties>
  <testcase classname="entidades.EmpleadoTest1" name="testGetCodigo" time="0.006" />
  <testcase classname="entidades.EmpleadoTest1" name="testSetCodigo" time="0.0" />
  <testcase classname="entidades.EmpleadoTest1" name="testGetPaterno" time="0.0" />
  <testcase classname="entidades.EmpleadoTest1" name="testSetPaterno" time="0.0" />
  <testcase classname="entidades.EmpleadoTest1" name="testGetMaterno" time="0.0" />
  <testcase classname="entidades.EmpleadoTest1" name="testSetMaterno" time="0.0" />
  <testcase classname="entidades.EmpleadoTest1" name="testGetNombre" time="0.0" />
  <testcase classname="entidades.EmpleadoTest1" name="testSetNombre" time="0.001" />
  <testcase classname="entidades.EmpleadoTest1" name="testGetCiudad" time="0.0" />
  <testcase classname="entidades.EmpleadoTest1" name="testSetCiudad" time="0.002" />
  <testcase classname="entidades.EmpleadoTest1" name="testGetDireccion" time="0.0" />
  <testcase classname="entidades.EmpleadoTest1" name="testSetDireccion" time="0.0" />
  <testcase classname="entidades.EmpleadoTest1" name="testGetUsuario" time="0.001" />
  <testcase classname="entidades.EmpleadoTest1" name="testSetUsuario" time="0.0" />
  <testcase classname="entidades.EmpleadoTest1" name="testCompareTo" time="0.001" />
  <testcase classname="entidades.EmpleadoTest1" name="testSetClave" time="0.003" />
  <testcase classname="entidades.EmpleadoTest1" name="testGetClave" time="0.0" />
  <system-out><![CDATA[getCodigo
setCodigo
getPaterno
setPaterno
getMaterno
setMaterno
getNombre
setNombre
getCiudad
setCiudad
getDireccion
setDireccion
getUsuario
setUsuario
compareTo
setClave
getClave
]]></system-out>
  <system-err><![CDATA[]]></system-err>
</testsuite>
